0 info it worked if it ends with ok
1 verbose cli [ 'node', '/usr/local/bin/npm', 'i', '-S', 'randomString' ]
2 info using npm@2.4.1
3 info using node@v0.10.36
4 verbose node symlink /usr/local/bin/node
5 warn package.json crazy-company@1.0.0 No description
6 warn package.json crazy-company@1.0.0 No repository field.
7 warn package.json crazy-company@1.0.0 scripts['server'] should probably be scripts['start'].
8 warn package.json crazy-company@1.0.0 No README data
9 silly cache add args [ 'randomString', null ]
10 verbose cache add spec randomString
11 silly cache add parsed spec { raw: 'randomString',
11 silly cache add   scope: null,
11 silly cache add   name: 'randomString',
11 silly cache add   rawSpec: '',
11 silly cache add   spec: '*',
11 silly cache add   type: 'range' }
12 verbose addNamed randomString@*
13 silly addNamed semver.valid null
14 silly addNamed semver.validRange *
15 silly addNameRange { name: 'randomString', range: '*', hasData: false }
16 silly mapToRegistry name randomString
17 silly mapToRegistry using default registry
18 silly mapToRegistry registry https://registry.npmjs.org/
19 silly mapToRegistry uri https://registry.npmjs.org/randomString
20 verbose addNameRange registry:https://registry.npmjs.org/randomString not in flight; fetching
21 verbose request uri https://registry.npmjs.org/randomString
22 verbose request no auth needed
23 info attempt registry request try #1 at 22:14:48
24 verbose request id 1ab7bd459947d8a9
25 http request GET https://registry.npmjs.org/randomString
26 http 404 https://registry.npmjs.org/randomString
27 verbose headers { date: 'Wed, 18 Feb 2015 13:14:51 GMT',
27 verbose headers   server: 'CouchDB/1.6.1 (Erlang OTP/R14B04)',
27 verbose headers   'content-type': 'application/json',
27 verbose headers   'cache-control': 'max-age=0',
27 verbose headers   'content-length': '52',
27 verbose headers   'accept-ranges': 'bytes',
27 verbose headers   via: '1.1 varnish',
27 verbose headers   age: '0',
27 verbose headers   'x-served-by': 'cache-ty66-TYO',
27 verbose headers   'x-cache': 'MISS',
27 verbose headers   'x-cache-hits': '0',
27 verbose headers   'x-timer': 'S1424265290.621582,VS0,VE764',
27 verbose headers   'keep-alive': 'timeout=10, max=50',
27 verbose headers   connection: 'Keep-Alive' }
28 silly get cb [ 404,
28 silly get   { date: 'Wed, 18 Feb 2015 13:14:51 GMT',
28 silly get     server: 'CouchDB/1.6.1 (Erlang OTP/R14B04)',
28 silly get     'content-type': 'application/json',
28 silly get     'cache-control': 'max-age=0',
28 silly get     'content-length': '52',
28 silly get     'accept-ranges': 'bytes',
28 silly get     via: '1.1 varnish',
28 silly get     age: '0',
28 silly get     'x-served-by': 'cache-ty66-TYO',
28 silly get     'x-cache': 'MISS',
28 silly get     'x-cache-hits': '0',
28 silly get     'x-timer': 'S1424265290.621582,VS0,VE764',
28 silly get     'keep-alive': 'timeout=10, max=50',
28 silly get     connection: 'Keep-Alive' } ]
29 verbose stack Error: 404 Not Found: randomString
29 verbose stack     at CachingRegistryClient.<anonymous> (/usr/local/lib/node_modules/npm/node_modules/npm-registry-client/lib/request.js:251:14)
29 verbose stack     at Request._callback (/usr/local/lib/node_modules/npm/node_modules/npm-registry-client/lib/request.js:178:14)
29 verbose stack     at Request.self.callback (/usr/local/lib/node_modules/npm/node_modules/request/request.js:373:22)
29 verbose stack     at Request.emit (events.js:98:17)
29 verbose stack     at Request.<anonymous> (/usr/local/lib/node_modules/npm/node_modules/request/request.js:1318:14)
29 verbose stack     at Request.emit (events.js:117:20)
29 verbose stack     at IncomingMessage.<anonymous> (/usr/local/lib/node_modules/npm/node_modules/request/request.js:1266:12)
29 verbose stack     at IncomingMessage.emit (events.js:117:20)
29 verbose stack     at _stream_readable.js:944:16
29 verbose stack     at process._tickCallback (node.js:442:13)
30 verbose statusCode 404
31 verbose pkgid randomString
32 verbose cwd /Users/suisho/github/proto-crazy-company
33 error Darwin 14.1.0
34 error argv "node" "/usr/local/bin/npm" "i" "-S" "randomString"
35 error node v0.10.36
36 error npm  v2.4.1
37 error code E404
38 error 404 Not Found: randomString
38 error 404
38 error 404 'randomString' is not in the npm registry.
38 error 404 You should bug the author to publish it (or use the name yourself!)
38 error 404 It was specified as a dependency of 'crazy-company'
38 error 404
38 error 404 Note that you can also install from a
38 error 404 tarball, folder, http url, or git url.
39 verbose exit [ 1, true ]
